<?xml version="1.0" encoding="UTF-8"?>
<!-- Generated by org.testng.reporters.JUnitXMLReporter -->
<testsuite hostname="IL-MHADAR" ignored="0" name="Test" tests="6" failures="0" timestamp="2022-11-04T09:29:40 IST" time="21.558" errors="0">
  <testcase name="tc05_destinationTest" time="1.753" classname="tests.DestinationTest"/>
  <testcase name="tc06_destinationTest" time="0.169" classname="tests.DestinationTest"/>
  <testcase name="tc01_login" time="0.603" classname="tests.LoginTest"/>
  <testcase name="tc02_login" time="0.251" classname="tests.LoginTest"/>
  <testcase name="tc03_login" time="2.124" classname="tests.LoginTest"/>
  <testcase name="tc04_login" time="1.614" classname="tests.LoginTest"/>
</testsuite> <!-- Test -->
