<?xml version="1.0" encoding="UTF-8"?>
<testng-results ignored="0" total="2" passed="2" failed="0" skipped="0">
  <reporter-output>
  </reporter-output>
  <suite started-at="2022-11-28T19:12:41 IST" name="Default suite" finished-at="2022-11-28T19:13:12 IST" duration-ms="30169">
    <groups>
    </groups>
    <test started-at="2022-11-28T19:12:41 IST" name="Default test" finished-at="2022-11-28T19:13:12 IST" duration-ms="30169">
      <class name="tests.DestinationTest">
        <test-method is-config="true" signature="setup()[pri:0, instance:tests.DestinationTest@453d496b]" started-at="2022-11-28T19:12:42 IST" name="setup" finished-at="2022-11-28T19:12:54 IST" duration-ms="12408" status="PASS">
          <reporter-output>
          </reporter-output>
        </test-method> <!-- setup -->
        <test-method signature="tc05_destinationTest()[pri:0, instance:tests.DestinationTest@453d496b]" started-at="2022-11-28T19:12:54 IST" name="tc05_destinationTest" finished-at="2022-11-28T19:13:09 IST" duration-ms="14616" status="PASS">
          <reporter-output>
          </reporter-output>
        </test-method> <!-- tc05_destinationTest -->
        <test-method is-config="true" signature="failedTest(org.testng.ITestResult)[pri:0, instance:tests.DestinationTest@453d496b]" started-at="2022-11-28T19:13:09 IST" name="failedTest" finished-at="2022-11-28T19:13:09 IST" duration-ms="338" status="PASS">
          <params>
            <param index="0">
              <value>
                <![CDATA[[TestResult name=tc05_destinationTest status=SUCCESS method=DestinationTest.tc05_destinationTest()[pri:0, instance:tests.DestinationTest@453d496b] output={null}]]]>
              </value>
            </param>
          </params>
          <reporter-output>
          </reporter-output>
        </test-method> <!-- failedTest -->
        <test-method signature="tc06_destinationTest()[pri:0, instance:tests.DestinationTest@453d496b]" started-at="2022-11-28T19:13:09 IST" name="tc06_destinationTest" finished-at="2022-11-28T19:13:11 IST" duration-ms="2399" status="PASS">
          <reporter-output>
          </reporter-output>
        </test-method> <!-- tc06_destinationTest -->
        <test-method is-config="true" signature="failedTest(org.testng.ITestResult)[pri:0, instance:tests.DestinationTest@453d496b]" started-at="2022-11-28T19:13:11 IST" name="failedTest" finished-at="2022-11-28T19:13:12 IST" duration-ms="227" status="PASS">
          <params>
            <param index="0">
              <value>
                <![CDATA[[TestResult name=tc06_destinationTest status=SUCCESS method=DestinationTest.tc06_destinationTest()[pri:0, instance:tests.DestinationTest@453d496b] output={null}]]]>
              </value>
            </param>
          </params>
          <reporter-output>
          </reporter-output>
        </test-method> <!-- failedTest -->
      </class> <!-- tests.DestinationTest -->
    </test> <!-- Default test -->
  </suite> <!-- Default suite -->
</testng-results>
